# JRE version: OpenJDK Runtime Environment (8.0_402-b06) (build 1.8.0_402-b06)
# Java VM: OpenJDK 64-Bit Server VM (25.402-b06 mixed mode windows-amd64 compressed oops)
Heap:
 PSYoungGen      total 132096K, used 29884K [0x00000000d6b00000, 0x00000000df100000, 0x0000000100000000)
  eden space 126976K, 23% used [0x00000000d6b00000,0x00000000d882f390,0x00000000de700000)
  from space 5120K, 0% used [0x00000000dec00000,0x00000000dec00000,0x00000000df100000)
  to   space 5120K, 0% used [0x00000000de700000,0x00000000de700000,0x00000000dec00000)
 ParOldGen       total 84480K, used 23644K [0x0000000084000000, 0x0000000089280000, 0x00000000d6b00000)
  object space 84480K, 27% used [0x0000000084000000,0x00000000857173c8,0x0000000089280000)
 Metaspace       used 23886K, capacity 24125K, committed 24320K, reserved 1071104K
  class space    used 2886K, capacity 2983K, committed 3072K, reserved 1048576K
GC Heap History (10 events):
Event: 0.693 GC heap before
{Heap before GC invocations=1 (full 0):
 PSYoungGen      total 36864K, used 31744K [0x00000000d6b00000, 0x00000000d9400000, 0x0000000100000000)
  eden space 31744K, 100% used [0x00000000d6b00000,0x00000000d8a00000,0x00000000d8a00000)
  from space 5120K, 0% used [0x00000000d8f00000,0x00000000d8f00000,0x00000000d9400000)
  to   space 5120K, 0% used [0x00000000d8a00000,0x00000000d8a00000,0x00000000d8f00000)
 ParOldGen       total 84992K, used 0K [0x0000000084000000, 0x0000000089300000, 0x00000000d6b00000)
  object space 84992K, 0% used [0x0000000084000000,0x0000000084000000,0x0000000089300000)
 Metaspace       used 7246K, capacity 7402K, committed 7552K, reserved 1056768K
  class space    used 791K, capacity 869K, committed 896K, reserved 1048576K
Event: 0.702 GC heap after
Heap after GC invocations=1 (full 0):
 PSYoungGen      total 36864K, used 5105K [0x00000000d6b00000, 0x00000000db300000, 0x0000000100000000)
  eden space 31744K, 0% used [0x00000000d6b00000,0x00000000d6b00000,0x00000000d8a00000)
  from space 5120K, 99% used [0x00000000d8a00000,0x00000000d8efc578,0x00000000d8f00000)
  to   space 5120K, 0% used [0x00000000dae00000,0x00000000dae00000,0x00000000db300000)
 ParOldGen       total 84992K, used 2584K [0x0000000084000000, 0x0000000089300000, 0x00000000d6b00000)
  object space 84992K, 3% used [0x0000000084000000,0x00000000842861a8,0x0000000089300000)
 Metaspace       used 7246K, capacity 7402K, committed 7552K, reserved 1056768K
  class space    used 791K, capacity 869K, committed 896K, reserved 1048576K
}
Event: 0.964 GC heap before
{Heap before GC invocations=2 (full 0):
 PSYoungGen      total 36864K, used 36849K [0x00000000d6b00000, 0x00000000db300000, 0x0000000100000000)
  eden space 31744K, 100% used [0x00000000d6b00000,0x00000000d8a00000,0x00000000d8a00000)
  from space 5120K, 99% used [0x00000000d8a00000,0x00000000d8efc578,0x00000000d8f00000)
  to   space 5120K, 0% used [0x00000000dae00000,0x00000000dae00000,0x00000000db300000)
 ParOldGen       total 84992K, used 2584K [0x0000000084000000, 0x0000000089300000, 0x00000000d6b00000)
  object space 84992K, 3% used [0x0000000084000000,0x00000000842861a8,0x0000000089300000)
 Metaspace       used 10044K, capacity 10204K, committed 10368K, reserved 1058816K
  class space    used 1195K, capacity 1288K, committed 1408K, reserved 1048576K
Event: 0.975 GC heap after
Heap after GC invocations=2 (full 0):
 PSYoungGen      total 68608K, used 5111K [0x00000000d6b00000, 0x00000000db300000, 0x0000000100000000)
  eden space 63488K, 0% used [0x00000000d6b00000,0x00000000d6b00000,0x00000000da900000)
  from space 5120K, 99% used [0x00000000dae00000,0x00000000db2fded8,0x00000000db300000)
  to   space 5120K, 0% used [0x00000000da900000,0x00000000da900000,0x00000000dae00000)
 ParOldGen       total 84992K, used 9478K [0x0000000084000000, 0x0000000089300000, 0x00000000d6b00000)
  object space 84992K, 11% used [0x0000000084000000,0x0000000084941ac0,0x0000000089300000)
 Metaspace       used 10044K, capacity 10204K, committed 10368K, reserved 1058816K
  class space    used 1195K, capacity 1288K, committed 1408K, reserved 1048576K
}
Event: 1.653 GC heap before
{Heap before GC invocations=3 (full 0):
 PSYoungGen      total 68608K, used 68599K [0x00000000d6b00000, 0x00000000db300000, 0x0000000100000000)
  eden space 63488K, 100% used [0x00000000d6b00000,0x00000000da900000,0x00000000da900000)
  from space 5120K, 99% used [0x00000000dae00000,0x00000000db2fded8,0x00000000db300000)
  to   space 5120K, 0% used [0x00000000da900000,0x00000000da900000,0x00000000dae00000)
 ParOldGen       total 84992K, used 9478K [0x0000000084000000, 0x0000000089300000, 0x00000000d6b00000)
  object space 84992K, 11% used [0x0000000084000000,0x0000000084941ac0,0x0000000089300000)
 Metaspace       used 16913K, capacity 17086K, committed 17408K, reserved 1064960K
  class space    used 2126K, capacity 2227K, committed 2304K, reserved 1048576K
Event: 1.667 GC heap after
Heap after GC invocations=3 (full 0):
 PSYoungGen      total 68608K, used 5111K [0x00000000d6b00000, 0x00000000df100000, 0x0000000100000000)
  eden space 63488K, 0% used [0x00000000d6b00000,0x00000000d6b00000,0x00000000da900000)
  from space 5120K, 99% used [0x00000000da900000,0x00000000dadfdee8,0x00000000dae00000)
  to   space 5120K, 0% used [0x00000000dec00000,0x00000000dec00000,0x00000000df100000)
 ParOldGen       total 84992K, used 21064K [0x0000000084000000, 0x0000000089300000, 0x00000000d6b00000)
  object space 84992K, 24% used [0x0000000084000000,0x0000000085492278,0x0000000089300000)
 Metaspace       used 16913K, capacity 17086K, committed 17408K, reserved 1064960K
  class space    used 2126K, capacity 2227K, committed 2304K, reserved 1048576K
}
Event: 2.457 GC heap before
{Heap before GC invocations=4 (full 0):
 PSYoungGen      total 68608K, used 45398K [0x00000000d6b00000, 0x00000000df100000, 0x0000000100000000)
  eden space 63488K, 63% used [0x00000000d6b00000,0x00000000d9257c28,0x00000000da900000)
  from space 5120K, 99% used [0x00000000da900000,0x00000000dadfdee8,0x00000000dae00000)
  to   space 5120K, 0% used [0x00000000dec00000,0x00000000dec00000,0x00000000df100000)
 ParOldGen       total 84992K, used 21064K [0x0000000084000000, 0x0000000089300000, 0x00000000d6b00000)
  object space 84992K, 24% used [0x0000000084000000,0x0000000085492278,0x0000000089300000)
 Metaspace       used 20817K, capacity 21076K, committed 21248K, reserved 1067008K
  class space    used 2637K, capacity 2726K, committed 2816K, reserved 1048576K
Event: 2.468 GC heap after
Heap after GC invocations=4 (full 0):
 PSYoungGen      total 132096K, used 5111K [0x00000000d6b00000, 0x00000000df100000, 0x0000000100000000)
  eden space 126976K, 0% used [0x00000000d6b00000,0x00000000d6b00000,0x00000000de700000)
  from space 5120K, 99% used [0x00000000dec00000,0x00000000df0fdef8,0x00000000df100000)
  to   space 5120K, 0% used [0x00000000de700000,0x00000000de700000,0x00000000dec00000)
 ParOldGen       total 84992K, used 26951K [0x0000000084000000, 0x0000000089300000, 0x00000000d6b00000)
  object space 84992K, 31% used [0x0000000084000000,0x0000000085a51c28,0x0000000089300000)
 Metaspace       used 20817K, capacity 21076K, committed 21248K, reserved 1067008K
  class space    used 2637K, capacity 2726K, committed 2816K, reserved 1048576K
}
Event: 2.469 GC heap before
{Heap before GC invocations=5 (full 1):
 PSYoungGen      total 132096K, used 5111K [0x00000000d6b00000, 0x00000000df100000, 0x0000000100000000)
  eden space 126976K, 0% used [0x00000000d6b00000,0x00000000d6b00000,0x00000000de700000)
  from space 5120K, 99% used [0x00000000dec00000,0x00000000df0fdef8,0x00000000df100000)
  to   space 5120K, 0% used [0x00000000de700000,0x00000000de700000,0x00000000dec00000)
 ParOldGen       total 84992K, used 26951K [0x0000000084000000, 0x0000000089300000, 0x00000000d6b00000)
  object space 84992K, 31% used [0x0000000084000000,0x0000000085a51c28,0x0000000089300000)
 Metaspace       used 20817K, capacity 21076K, committed 21248K, reserved 1067008K
  class space    used 2637K, capacity 2726K, committed 2816K, reserved 1048576K
Event: 2.525 GC heap after
Heap after GC invocations=5 (full 1):
 PSYoungGen      total 132096K, used 0K [0x00000000d6b00000, 0x00000000df100000, 0x0000000100000000)
  eden space 126976K, 0% used [0x00000000d6b00000,0x00000000d6b00000,0x00000000de700000)
  from space 5120K, 0% used [0x00000000dec00000,0x00000000dec00000,0x00000000df100000)
  to   space 5120K, 0% used [0x00000000de700000,0x00000000de700000,0x00000000dec00000)
 ParOldGen       total 84480K, used 23644K [0x0000000084000000, 0x0000000089280000, 0x00000000d6b00000)
  object space 84480K, 27% used [0x0000000084000000,0x00000000857173c8,0x0000000089280000)
 Metaspace       used 20817K, capacity 21076K, committed 21248K, reserved 1067008K
  class space    used 2637K, capacity 2726K, committed 2816K, reserved 1048576K
}

